[INFO] Scanning for projects...
[INFO] 
[INFO] ----------------------< edu.ucsb.cs156:happycows >----------------------
[INFO] Building happycows 1.1.0
[INFO]   from pom.xml
[INFO] --------------------------------[ jar ]---------------------------------
[INFO] 
[INFO] --- jacoco:0.8.7:prepare-agent (default) @ happycows ---
[INFO] argLine set to -javaagent:/Users/nikbelle/.m2/repository/org/jacoco/org.jacoco.agent/0.8.7/org.jacoco.agent-0.8.7-runtime.jar=destfile=/Users/nikbelle/cs156/proj-happycows-s24-4pm-6/target/jacoco.exec,excludes=**/edu/ucsb/cs156/happiercows/aop/LoggingAspect.*:**/edu/ucsb/cs156/happiercows/config/*:**/edu/ucsb/cs156/happiercows/controllers/FrontendController.*:**/edu/ucsb/cs156/happiercows/controllers/FrontendProxyController.*:**/edu/ucsb/cs156/happiercows/services/CurrentUserServiceImpl.*:**/edu/ucsb/cs156/happiercows/HappierCowsApplication.*:**/edu/ucsb/cs156/happiercows/services/wiremock/*
[INFO] 
[INFO] --- resources:3.2.0:resources (default-resources) @ happycows ---
[INFO] Using 'UTF-8' encoding to copy filtered resources.
[INFO] Using 'UTF-8' encoding to copy filtered properties files.
[INFO] Copying 5 resources
[INFO] Copying 1 resource
[INFO] 
[INFO] --- compiler:3.8.1:compile (default-compile) @ happycows ---
[INFO] Nothing to compile - all classes are up to date
[INFO] 
[INFO] --- resources:3.2.0:testResources (default-testResources) @ happycows ---
[INFO] Using 'UTF-8' encoding to copy filtered resources.
[INFO] Using 'UTF-8' encoding to copy filtered properties files.
[INFO] Copying 1 resource
[INFO] 
[INFO] --- compiler:3.8.1:testCompile (default-testCompile) @ happycows ---
[INFO] Nothing to compile - all classes are up to date
[INFO] 
[INFO] --- surefire:3.0.0-M5:test (default-test) @ happycows ---
[INFO] 
[INFO] -------------------------------------------------------
[INFO]  T E S T S
[INFO] -------------------------------------------------------
